<?xml version="1.0" encoding="UTF-8"?>
<testsuite name="Scenario: Sign in 2" time="2.307" tests="8" errors="0" skipped="0" failures="0">
  <properties>
[...]
</properties>
  <testcase name="Given I say hello" classname="Scenario: Sign in 1" time="0.001"/>
  <testcase name="Given I open automationpractice website" classname="Scenario: Sign in 1" time="0"/>
  <testcase name="Then I sign in" classname="Scenario: Sign in 1" time="0"/>
  <testcase name="Scenario: Sign in 1" classname="Scenario: Sign in 1" time="1.164"/>
  <testcase name="Given I say hello" classname="Scenario: Sign in 2" time="0"/>
  <testcase name="Given I open automationpractice website" classname="Scenario: Sign in 2" time="0"/>
  <testcase name="Then I sign in" classname="Scenario: Sign in 2" time="0"/>
  <testcase name="Scenario: Sign in 2" classname="Scenario: Sign in 2" time="1.142"/>
</testsuite>